<?xml version="1.0" encoding="UTF-8"?>
<!-- Generated by org.testng.reporters.JUnitReportReporter -->
<testsuite skipped="0" hostname="Mitesh" name="TestNGSessions.TestPriority" tests="4" failures="0" timestamp="2020-07-19T17:09:44 BST" time="0.012" errors="0">
  <testcase name="homePageUserTest" time="0.002" classname="TestNGSessions.TestPriority"/>
  <system-out/>
  <testcase name="homePageLinkTest" time="0.008" classname="TestNGSessions.TestPriority"/>
  <system-out/>
  <testcase name="homePageTitleTest" time="0.001" classname="TestNGSessions.TestPriority"/>
  <system-out/>
  <testcase name="homePageHeaderTest" time="0.001" classname="TestNGSessions.TestPriority"/>
  <system-out/>
</testsuite> <!-- TestNGSessions.TestPriority -->
