<?xml version="1.0" encoding="UTF-8"?>
<!-- Generated by org.testng.reporters.JUnitReportReporter -->
<testsuite skipped="0" hostname="Mitesh" name="TestNGSessions.InvocationCountConcept" tests="10" failures="0" timestamp="2020-07-19T17:04:23 BST" time="0.023" errors="0">
  <testcase name="login" time="0.002" classname="TestNGSessions.InvocationCountConcept"/>
  <system-out/>
  <testcase name="login" time="0.001" classname="TestNGSessions.InvocationCountConcept"/>
  <system-out/>
  <testcase name="login" time="0.001" classname="TestNGSessions.InvocationCountConcept"/>
  <system-out/>
  <testcase name="login" time="0.002" classname="TestNGSessions.InvocationCountConcept"/>
  <system-out/>
  <testcase name="login" time="0.001" classname="TestNGSessions.InvocationCountConcept"/>
  <system-out/>
  <testcase name="login" time="0.001" classname="TestNGSessions.InvocationCountConcept"/>
  <system-out/>
  <testcase name="login" time="0.001" classname="TestNGSessions.InvocationCountConcept"/>
  <system-out/>
  <testcase name="login" time="0.002" classname="TestNGSessions.InvocationCountConcept"/>
  <system-out/>
  <testcase name="login" time="0.001" classname="TestNGSessions.InvocationCountConcept"/>
  <system-out/>
  <testcase name="login" time="0.011" classname="TestNGSessions.InvocationCountConcept"/>
  <system-out/>
</testsuite> <!-- TestNGSessions.InvocationCountConcept -->
