<?xml version="1.0" encoding="UTF-8"?>
<!-- Generated by org.testng.reporters.JUnitReportReporter -->
<testsuite skipped="1" hostname="Mitesh" name="TestNGSessions.HomePageTest" tests="3" failures="0" timestamp="2020-07-19T16:39:11 BST" time="0.011" errors="0">
  <testcase name="homePageTitleTest" time="0.008" classname="TestNGSessions.HomePageTest"/>
  <system-out/>
  <testcase name="homePageHeaderTest" time="0.003" classname="TestNGSessions.HomePageTest"/>
  <system-out/>
  <testcase name="homePageLinkTest" classname="TestNGSessions.HomePageTest">
    <skipped/>
  </testcase> <!-- homePageLinkTest -->
  <system-out/>
</testsuite> <!-- TestNGSessions.HomePageTest -->
