<?xml version="1.0" encoding="UTF-8"?>
<!-- Generated by org.testng.reporters.JUnitReportReporter -->
<testsuite skipped="0" hostname="Mitesh" name="TestNGSessions.LoginPageTest" tests="2" failures="0" timestamp="2020-07-20T21:49:03 BST" time="20.695" errors="0">
  <testcase name="loginPageTitleTest" time="10.738" classname="TestNGSessions.LoginPageTest"/>
  <system-out/>
  <testcase name="signUpLinkTest" time="9.957" classname="TestNGSessions.LoginPageTest"/>
  <system-out/>
</testsuite> <!-- TestNGSessions.LoginPageTest -->
